<?xml version="1.0" encoding="UTF-8"?>
<!-- Generated by org.testng.reporters.JUnitXMLReporter -->
<testsuite ignored="1" hostname="Balaji" failures="0" tests="1" name="Default test" time="105.532" errors="0" timestamp="2022-05-20T11:17:25 IST">
  <testcase classname="com.johndeere.test.LoginTest" name="validCredentialTest" time="81.19"/>
  <testcase classname="com.johndeere.test.LoginTest" name="invalidCredentialTest" time="0.0">
    <ignored/>
  </testcase> <!-- invalidCredentialTest -->
</testsuite> <!-- Default test -->
