<?xml version="1.0" encoding="UTF-8"?>
<!-- Generated by org.testng.reporters.JUnitXMLReporter -->
<testsuite ignored="1" hostname="Balaji" failures="0" tests="2" name="Default test" time="68.746" errors="0" timestamp="2022-05-19T10:53:20 IST">
  <testcase classname="com.johndeere.test.LoginTest" name="validCredentialTest" time="23.67"/>
  <testcase classname="com.johndeere.test.LoginTest" name="validCredentialTest" time="24.679"/>
  <testcase classname="com.johndeere.test.LoginTest" name="invalidCredentialTest" time="0.0">
    <ignored/>
  </testcase> <!-- invalidCredentialTest -->
</testsuite> <!-- Default test -->
