<?xml version="1.0" encoding="UTF-8"?>
<!-- Generated by org.testng.reporters.JUnitXMLReporter -->
<testsuite ignored="3" hostname="Balaji" failures="0" tests="3" name="Login UI Test - Edge(failed)" time="64.389" errors="0" timestamp="2022-05-20T10:24:07 IST">
  <testcase classname="com.johndeere.test.LoginUserInterfaceTest" name="validateTitleTest" time="0.025"/>
  <testcase classname="com.johndeere.test.LoginTest" name="invalidCredentialTest" time="2.904"/>
  <testcase classname="com.johndeere.test.LoginTest" name="invalidCredentialTest" time="2.363"/>
  <testcase classname="com.johndeere.base.WebDriverWrapper" name="@BeforeSuite init" time="0.0">
    <ignored/>
  </testcase> <!-- @BeforeSuite init -->
  <testcase classname="com.johndeere.base.WebDriverWrapper" name="@AfterSuite end" time="0.0">
    <ignored/>
  </testcase> <!-- @AfterSuite end -->
  <testcase classname="com.johndeere.test.LoginTest" name="validCredentialTest" time="0.0">
    <ignored/>
  </testcase> <!-- validCredentialTest -->
</testsuite> <!-- Login UI Test - Edge(failed) -->
