<?xml version="1.0" encoding="UTF-8"?>
<!-- Generated by org.testng.reporters.JUnitXMLReporter -->
<testsuite ignored="0" hostname="Balaji" failures="0" tests="4" name="Test" time="41.662" errors="0" timestamp="2022-05-18T16:38:34 IST">
  <testcase classname="com.johndeere.test.LoginTest" name="invalidCredentialTest" time="2.184"/>
  <testcase classname="com.johndeere.test.LoginTest" name="invalidCredentialTest" time="2.135"/>
  <testcase classname="com.johndeere.test.LoginTest" name="validCredentialTest" time="4.693"/>
  <testcase classname="com.johndeere.test.LoginTest" name="validCredentialTest" time="5.109"/>
</testsuite> <!-- Test -->
