<?xml version="1.0" encoding="UTF-8"?>
<testng-results ignored="1" total="3" passed="2" failed="0" skipped="0">
  <reporter-output>
  </reporter-output>
  <suite started-at="2022-05-18T12:25:00 IST" name="Default suite" finished-at="2022-05-18T12:25:50 IST" duration-ms="49801">
    <groups>
    </groups>
    <test started-at="2022-05-18T12:25:00 IST" name="Default test" finished-at="2022-05-18T12:25:50 IST" duration-ms="49801">
      <class name="com.johndeere.test.LoginTest">
        <test-method is-config="true" signature="setup()[pri:0, instance:com.johndeere.test.LoginTest@2c1b194a]" started-at="2022-05-18T12:25:15 IST" name="setup" finished-at="2022-05-18T12:25:24 IST" duration-ms="8397" status="PASS">
          <reporter-output>
          </reporter-output>
        </test-method> <!-- setup -->
        <test-method signature="invalidCredentialTest(java.lang.String,java.lang.String,java.lang.String,java.lang.String)[pri:0, instance:com.johndeere.test.LoginTest@2c1b194a]" started-at="2022-05-18T12:25:24 IST" name="invalidCredentialTest" data-provider="invalidCredentialData" finished-at="2022-05-18T12:25:35 IST" duration-ms="11485" status="PASS">
          <params>
            <param index="0">
              <value>
                <![CDATA[john]]>
              </value>
            </param>
            <param index="1">
              <value>
                <![CDATA[pass]]>
              </value>
            </param>
            <param index="2">
              <value>
                <![CDATA[English (Indian)]]>
              </value>
            </param>
            <param index="3">
              <value>
                <![CDATA[Invalid username or password]]>
              </value>
            </param>
          </params>
          <reporter-output>
          </reporter-output>
        </test-method> <!-- invalidCredentialTest -->
        <test-method is-config="true" signature="teardown()[pri:0, instance:com.johndeere.test.LoginTest@2c1b194a]" started-at="2022-05-18T12:25:35 IST" name="teardown" finished-at="2022-05-18T12:25:36 IST" duration-ms="480" status="PASS">
          <reporter-output>
          </reporter-output>
        </test-method> <!-- teardown -->
        <test-method is-config="true" signature="setup()[pri:0, instance:com.johndeere.test.LoginTest@2c1b194a]" started-at="2022-05-18T12:25:36 IST" name="setup" finished-at="2022-05-18T12:25:42 IST" duration-ms="6094" status="PASS">
          <reporter-output>
          </reporter-output>
        </test-method> <!-- setup -->
        <test-method signature="invalidCredentialTest(java.lang.String,java.lang.String,java.lang.String,java.lang.String)[pri:0, instance:com.johndeere.test.LoginTest@2c1b194a]" started-at="2022-05-18T12:25:42 IST" name="invalidCredentialTest" data-provider="invalidCredentialData" finished-at="2022-05-18T12:25:49 IST" duration-ms="7195" status="PASS">
          <params>
            <param index="0">
              <value>
                <![CDATA[peter]]>
              </value>
            </param>
            <param index="1">
              <value>
                <![CDATA[accountant]]>
              </value>
            </param>
            <param index="2">
              <value>
                <![CDATA[Danish]]>
              </value>
            </param>
            <param index="3">
              <value>
                <![CDATA[Invalid username or password]]>
              </value>
            </param>
          </params>
          <reporter-output>
          </reporter-output>
        </test-method> <!-- invalidCredentialTest -->
        <test-method is-config="true" signature="teardown()[pri:0, instance:com.johndeere.test.LoginTest@2c1b194a]" started-at="2022-05-18T12:25:49 IST" name="teardown" finished-at="2022-05-18T12:25:50 IST" duration-ms="471" status="PASS">
          <reporter-output>
          </reporter-output>
        </test-method> <!-- teardown -->
      </class> <!-- com.johndeere.test.LoginTest -->
    </test> <!-- Default test -->
  </suite> <!-- Default suite -->
</testng-results>
