<?xml version="1.0" encoding="UTF-8"?>
<!-- Generated by org.testng.reporters.JUnitXMLReporter -->
<testsuite ignored="6" hostname="Balaji" failures="0" tests="3" name="Login UI Test - Edge" time="65.104" errors="0" timestamp="2022-05-19T11:28:15 IST">
  <testcase classname="com.johndeere.test.LoginUserInterfaceTest" name="validateTitleTest" time="3.685"/>
  <testcase classname="com.johndeere.test.LoginTest" name="invalidCredentialTest" time="4.935"/>
  <testcase classname="com.johndeere.test.LoginTest" name="invalidCredentialTest" time="3.858"/>
  <testcase classname="com.johndeere.base.WebDriverWrapper" name="@BeforeSuite init" time="0.0">
    <ignored/>
  </testcase> <!-- @BeforeSuite init -->
  <testcase classname="com.johndeere.base.WebDriverWrapper" name="@AfterSuite end" time="0.0">
    <ignored/>
  </testcase> <!-- @AfterSuite end -->
  <testcase classname="com.johndeere.test.LoginTest" name="validCredentialTest" time="0.0">
    <ignored/>
  </testcase> <!-- validCredentialTest -->
  <testcase classname="com.johndeere.base.WebDriverWrapper" name="@BeforeSuite init" time="0.0">
    <ignored/>
  </testcase> <!-- @BeforeSuite init -->
  <testcase classname="com.johndeere.test.PatientTest" name="addPaitentTest" time="0.0">
    <ignored/>
  </testcase> <!-- addPaitentTest -->
  <testcase classname="com.johndeere.base.WebDriverWrapper" name="@AfterSuite end" time="0.0">
    <ignored/>
  </testcase> <!-- @AfterSuite end -->
</testsuite> <!-- Login UI Test - Edge -->
